<?xml version="1.0" encoding="UTF-8"?>
<!-- Generated by org.testng.reporters.JUnitXMLReporter -->
<testsuite ignored="0" hostname="DESKTOP-R4J9CF0" failures="0" tests="14" name="Default test" time="2.477" errors="0" timestamp="2022-12-12T23:41:20 IST">
  <testcase classname="com.practice.TestNgDataProvider" name="test" time="0.009"/>
  <testcase classname="com.practice.TestNgDataProvider" name="test" time="0.006"/>
  <testcase classname="com.practice.TestNgDataProvider" name="test" time="0.004"/>
  <testcase classname="com.practice.TestNgDataProvider" name="test" time="0.004"/>
  <testcase classname="com.practice.TestNgDataProvider" name="test" time="0.004"/>
  <testcase classname="com.practice.TestNgDataProvider" name="test" time="0.002"/>
  <testcase classname="com.practice.TestNgDataProvider" name="test" time="0.004"/>
  <testcase classname="com.practice.TestNgDataProvider" name="test" time="0.001"/>
  <testcase classname="com.practice.TestNgDataProvider" name="test" time="0.002"/>
  <testcase classname="com.practice.TestNgDataProvider" name="test" time="0.002"/>
  <testcase classname="com.practice.TestNgDataProvider" name="test" time="0.003"/>
  <testcase classname="com.practice.TestNgDataProvider" name="test" time="0.008"/>
  <testcase classname="com.practice.TestNgDataProvider" name="test" time="0.003"/>
  <testcase classname="com.practice.TestNgDataProvider" name="test" time="0.004"/>
</testsuite> <!-- Default test -->
