<?xml version="1.0" encoding="UTF-8"?>
<!-- Generated by org.testng.reporters.JUnitXMLReporter -->
<testsuite ignored="0" hostname="DESKTOP-R4J9CF0" failures="1" tests="6" name="Test" time="87.142" errors="0" timestamp="2022-12-15T14:46:45 IST">
  <testcase classname="com.santam.client.ClientEditNomineeTest" name="clientEditNomineeTest" time="16.117"/>
  <testcase classname="com.santam.client.ClientAddPaymentTest" name="clientAddPaymentTest" time="0.927">
    <failure type="java.lang.AssertionError" message="null">
      <![CDATA[java.lang.AssertionError: null
at com.santam.client.ClientAddPaymentTest.clientAddPaymentTest(ClientAddPaymentTest.java:65)
at java.base/java.util.ArrayList.forEach(ArrayList.java:1511)
at java.base/java.util.concurrent.FutureTask.run(FutureTask.java:264)
at java.base/java.util.concurrent.ThreadPoolExecutor.runWorker(ThreadPoolExecutor.java:1136)
at java.base/java.util.concurrent.ThreadPoolExecutor$Worker.run(ThreadPoolExecutor.java:635)
at java.base/java.lang.Thread.run(Thread.java:833)
... Removed 20 stack frames]]>
    </failure>
  </testcase> <!-- clientAddPaymentTest -->
  <testcase classname="com.santam.client.AddNewNomineeToClientTest" name="addNewNomineeToClientTest" time="3.866"/>
  <testcase classname="com.santam.client.CreateClientTest" name="createClientTest" time="10.866"/>
  <testcase classname="com.santam.client.EditClientTest" name="editClientTest" time="3.003"/>
  <testcase classname="com.santam.client.EditPaymentDetailsTest" name="editPaymentDetailsTest" time="23.003"/>
</testsuite> <!-- Test -->
