<?xml version="1.0" encoding="UTF-8"?>
<testng-results ignored="0" total="6" passed="5" failed="1" skipped="0">
  <reporter-output>
  </reporter-output>
  <suite started-at="2022-12-15T14:45:18 IST" name="Suite" finished-at="2022-12-15T14:46:45 IST" duration-ms="87142">
    <groups>
    </groups>
    <test started-at="2022-12-15T14:45:18 IST" name="Test" finished-at="2022-12-15T14:46:45 IST" duration-ms="87142">
      <class name="com.santam.client.ClientAddPaymentTest">
        <test-method is-config="true" signature="classsetup()[pri:0, instance:com.santam.client.ClientAddPaymentTest@18d87d80]" started-at="2022-12-15T14:45:43 IST" name="classsetup" finished-at="2022-12-15T14:45:46 IST" duration-ms="2865" status="PASS">
          <reporter-output>
          </reporter-output>
        </test-method> <!-- classsetup -->
        <test-method is-config="true" signature="methodsetup()[pri:0, instance:com.santam.client.ClientAddPaymentTest@18d87d80]" started-at="2022-12-15T14:45:46 IST" name="methodsetup" finished-at="2022-12-15T14:45:46 IST" duration-ms="468" status="PASS">
          <reporter-output>
          </reporter-output>
        </test-method> <!-- methodsetup -->
        <test-method signature="clientAddPaymentTest()[pri:0, instance:com.santam.client.ClientAddPaymentTest@18d87d80]" started-at="2022-12-15T14:45:46 IST" name="clientAddPaymentTest" finished-at="2022-12-15T14:45:47 IST" duration-ms="927" status="FAIL">
          <exception class="java.lang.AssertionError">
            <message>
              <![CDATA[null]]>
            </message>
            <full-stacktrace>
              <![CDATA[java.lang.AssertionError: null
at org.testng.Assert.fail(Assert.java:99)
at org.testng.Assert.fail(Assert.java:106)
at com.santam.client.ClientAddPaymentTest.clientAddPaymentTest(ClientAddPaymentTest.java:65)
at java.base/jdk.internal.reflect.NativeMethodAccessorImpl.invoke0(Native Method)
at java.base/jdk.internal.reflect.NativeMethodAccessorImpl.invoke(NativeMethodAccessorImpl.java:77)
at java.base/jdk.internal.reflect.DelegatingMethodAccessorImpl.invoke(DelegatingMethodAccessorImpl.java:43)
at java.base/java.lang.reflect.Method.invoke(Method.java:568)
at org.testng.internal.MethodInvocationHelper.invokeMethod(MethodInvocationHelper.java:133)
at org.testng.internal.TestInvoker.invokeMethod(TestInvoker.java:598)
at org.testng.internal.TestInvoker.invokeTestMethod(TestInvoker.java:173)
at org.testng.internal.MethodRunner.runInSequence(MethodRunner.java:46)
at org.testng.internal.TestInvoker$MethodInvocationAgent.invoke(TestInvoker.java:824)
at org.testng.internal.TestInvoker.invokeTestMethods(TestInvoker.java:146)
at org.testng.internal.TestMethodWorker.invokeTestMethods(TestMethodWorker.java:146)
at org.testng.internal.TestMethodWorker.run(TestMethodWorker.java:128)
at java.base/java.util.ArrayList.forEach(ArrayList.java:1511)
at org.testng.TestRunner.privateRun(TestRunner.java:794)
at org.testng.TestRunner.run(TestRunner.java:596)
at org.testng.SuiteRunner.runTest(SuiteRunner.java:377)
at org.testng.SuiteRunner.access$000(SuiteRunner.java:28)
at org.testng.SuiteRunner$SuiteWorker.run(SuiteRunner.java:418)
at org.testng.internal.thread.ThreadUtil.lambda$execute$0(ThreadUtil.java:64)
at java.base/java.util.concurrent.FutureTask.run(FutureTask.java:264)
at java.base/java.util.concurrent.ThreadPoolExecutor.runWorker(ThreadPoolExecutor.java:1136)
at java.base/java.util.concurrent.ThreadPoolExecutor$Worker.run(ThreadPoolExecutor.java:635)
at java.base/java.lang.Thread.run(Thread.java:833)
]]>
            </full-stacktrace>
          </exception> <!-- java.lang.AssertionError -->
          <reporter-output>
          </reporter-output>
        </test-method> <!-- clientAddPaymentTest -->
        <test-method is-config="true" signature="methodTearDown()[pri:0, instance:com.santam.client.ClientAddPaymentTest@18d87d80]" started-at="2022-12-15T14:45:47 IST" name="methodTearDown" finished-at="2022-12-15T14:45:47 IST" duration-ms="166" status="PASS">
          <reporter-output>
          </reporter-output>
        </test-method> <!-- methodTearDown -->
        <test-method is-config="true" signature="classTearDown()[pri:0, instance:com.santam.client.ClientAddPaymentTest@18d87d80]" started-at="2022-12-15T14:45:47 IST" name="classTearDown" finished-at="2022-12-15T14:45:48 IST" duration-ms="329" status="PASS">
          <reporter-output>
          </reporter-output>
        </test-method> <!-- classTearDown -->
      </class> <!-- com.santam.client.ClientAddPaymentTest -->
      <class name="com.santam.client.ClientEditNomineeTest">
        <test-method is-config="true" signature="classsetup()[pri:0, instance:com.santam.client.ClientEditNomineeTest@1a18644]" started-at="2022-12-15T14:45:18 IST" name="classsetup" finished-at="2022-12-15T14:45:26 IST" duration-ms="7527" status="PASS">
          <reporter-output>
          </reporter-output>
        </test-method> <!-- classsetup -->
        <test-method is-config="true" signature="methodsetup()[pri:0, instance:com.santam.client.ClientEditNomineeTest@1a18644]" started-at="2022-12-15T14:45:26 IST" name="methodsetup" finished-at="2022-12-15T14:45:26 IST" duration-ms="631" status="PASS">
          <reporter-output>
          </reporter-output>
        </test-method> <!-- methodsetup -->
        <test-method signature="clientEditNomineeTest()[pri:0, instance:com.santam.client.ClientEditNomineeTest@1a18644]" started-at="2022-12-15T14:45:26 IST" name="clientEditNomineeTest" finished-at="2022-12-15T14:45:42 IST" duration-ms="16117" status="PASS">
          <reporter-output>
          </reporter-output>
        </test-method> <!-- clientEditNomineeTest -->
        <test-method is-config="true" signature="methodTearDown()[pri:0, instance:com.santam.client.ClientEditNomineeTest@1a18644]" started-at="2022-12-15T14:45:42 IST" name="methodTearDown" finished-at="2022-12-15T14:45:43 IST" duration-ms="165" status="PASS">
          <reporter-output>
          </reporter-output>
        </test-method> <!-- methodTearDown -->
        <test-method is-config="true" signature="classTearDown()[pri:0, instance:com.santam.client.ClientEditNomineeTest@1a18644]" started-at="2022-12-15T14:45:43 IST" name="classTearDown" finished-at="2022-12-15T14:45:43 IST" duration-ms="339" status="PASS">
          <reporter-output>
          </reporter-output>
        </test-method> <!-- classTearDown -->
      </class> <!-- com.santam.client.ClientEditNomineeTest -->
      <class name="com.santam.client.EditPaymentDetailsTest">
        <test-method is-config="true" signature="classsetup()[pri:0, instance:com.santam.client.EditPaymentDetailsTest@f5acb9d]" started-at="2022-12-15T14:46:18 IST" name="classsetup" finished-at="2022-12-15T14:46:21 IST" duration-ms="3093" status="PASS">
          <reporter-output>
          </reporter-output>
        </test-method> <!-- classsetup -->
        <test-method is-config="true" signature="methodsetup()[pri:0, instance:com.santam.client.EditPaymentDetailsTest@f5acb9d]" started-at="2022-12-15T14:46:21 IST" name="methodsetup" finished-at="2022-12-15T14:46:22 IST" duration-ms="422" status="PASS">
          <reporter-output>
          </reporter-output>
        </test-method> <!-- methodsetup -->
        <test-method signature="editPaymentDetailsTest()[pri:0, instance:com.santam.client.EditPaymentDetailsTest@f5acb9d]" started-at="2022-12-15T14:46:22 IST" name="editPaymentDetailsTest" finished-at="2022-12-15T14:46:45 IST" duration-ms="23003" status="PASS">
          <reporter-output>
          </reporter-output>
        </test-method> <!-- editPaymentDetailsTest -->
        <test-method is-config="true" signature="methodTearDown()[pri:0, instance:com.santam.client.EditPaymentDetailsTest@f5acb9d]" started-at="2022-12-15T14:46:45 IST" name="methodTearDown" finished-at="2022-12-15T14:46:45 IST" duration-ms="123" status="PASS">
          <reporter-output>
          </reporter-output>
        </test-method> <!-- methodTearDown -->
        <test-method is-config="true" signature="classTearDown()[pri:0, instance:com.santam.client.EditPaymentDetailsTest@f5acb9d]" started-at="2022-12-15T14:46:45 IST" name="classTearDown" finished-at="2022-12-15T14:46:45 IST" duration-ms="390" status="PASS">
          <reporter-output>
          </reporter-output>
        </test-method> <!-- classTearDown -->
      </class> <!-- com.santam.client.EditPaymentDetailsTest -->
      <class name="com.santam.client.EditClientTest">
        <test-method is-config="true" signature="classsetup()[pri:0, instance:com.santam.client.EditClientTest@543588e6]" started-at="2022-12-15T14:46:11 IST" name="classsetup" finished-at="2022-12-15T14:46:14 IST" duration-ms="3172" status="PASS">
          <reporter-output>
          </reporter-output>
        </test-method> <!-- classsetup -->
        <test-method is-config="true" signature="methodsetup()[pri:0, instance:com.santam.client.EditClientTest@543588e6]" started-at="2022-12-15T14:46:14 IST" name="methodsetup" finished-at="2022-12-15T14:46:15 IST" duration-ms="551" status="PASS">
          <reporter-output>
          </reporter-output>
        </test-method> <!-- methodsetup -->
        <test-method signature="editClientTest()[pri:0, instance:com.santam.client.EditClientTest@543588e6]" started-at="2022-12-15T14:46:15 IST" name="editClientTest" finished-at="2022-12-15T14:46:18 IST" duration-ms="3003" status="PASS">
          <reporter-output>
          </reporter-output>
        </test-method> <!-- editClientTest -->
        <test-method is-config="true" signature="methodTearDown()[pri:0, instance:com.santam.client.EditClientTest@543588e6]" started-at="2022-12-15T14:46:18 IST" name="methodTearDown" finished-at="2022-12-15T14:46:18 IST" duration-ms="129" status="PASS">
          <reporter-output>
          </reporter-output>
        </test-method> <!-- methodTearDown -->
        <test-method is-config="true" signature="classTearDown()[pri:0, instance:com.santam.client.EditClientTest@543588e6]" started-at="2022-12-15T14:46:18 IST" name="classTearDown" finished-at="2022-12-15T14:46:18 IST" duration-ms="320" status="PASS">
          <reporter-output>
          </reporter-output>
        </test-method> <!-- classTearDown -->
      </class> <!-- com.santam.client.EditClientTest -->
      <class name="com.santam.client.AddNewNomineeToClientTest">
        <test-method is-config="true" signature="classsetup()[pri:0, instance:com.santam.client.AddNewNomineeToClientTest@618425b5]" started-at="2022-12-15T14:45:48 IST" name="classsetup" finished-at="2022-12-15T14:45:51 IST" duration-ms="3242" status="PASS">
          <reporter-output>
          </reporter-output>
        </test-method> <!-- classsetup -->
        <test-method is-config="true" signature="methodsetup()[pri:0, instance:com.santam.client.AddNewNomineeToClientTest@618425b5]" started-at="2022-12-15T14:45:51 IST" name="methodsetup" finished-at="2022-12-15T14:45:52 IST" duration-ms="533" status="PASS">
          <reporter-output>
          </reporter-output>
        </test-method> <!-- methodsetup -->
        <test-method signature="addNewNomineeToClientTest()[pri:0, instance:com.santam.client.AddNewNomineeToClientTest@618425b5]" started-at="2022-12-15T14:45:52 IST" name="addNewNomineeToClientTest" finished-at="2022-12-15T14:45:55 IST" duration-ms="3866" status="PASS">
          <reporter-output>
          </reporter-output>
        </test-method> <!-- addNewNomineeToClientTest -->
        <test-method is-config="true" signature="methodTearDown()[pri:0, instance:com.santam.client.AddNewNomineeToClientTest@618425b5]" started-at="2022-12-15T14:45:55 IST" name="methodTearDown" finished-at="2022-12-15T14:45:56 IST" duration-ms="147" status="PASS">
          <reporter-output>
          </reporter-output>
        </test-method> <!-- methodTearDown -->
        <test-method is-config="true" signature="classTearDown()[pri:0, instance:com.santam.client.AddNewNomineeToClientTest@618425b5]" started-at="2022-12-15T14:45:56 IST" name="classTearDown" finished-at="2022-12-15T14:45:56 IST" duration-ms="311" status="PASS">
          <reporter-output>
          </reporter-output>
        </test-method> <!-- classTearDown -->
      </class> <!-- com.santam.client.AddNewNomineeToClientTest -->
      <class name="com.santam.client.CreateClientTest">
        <test-method is-config="true" signature="classsetup()[pri:0, instance:com.santam.client.CreateClientTest@58695725]" started-at="2022-12-15T14:45:56 IST" name="classsetup" finished-at="2022-12-15T14:45:59 IST" duration-ms="2814" status="PASS">
          <reporter-output>
          </reporter-output>
        </test-method> <!-- classsetup -->
        <test-method is-config="true" signature="methodsetup()[pri:0, instance:com.santam.client.CreateClientTest@58695725]" started-at="2022-12-15T14:45:59 IST" name="methodsetup" finished-at="2022-12-15T14:46:00 IST" duration-ms="993" status="PASS">
          <reporter-output>
          </reporter-output>
        </test-method> <!-- methodsetup -->
        <test-method signature="createClientTest()[pri:0, instance:com.santam.client.CreateClientTest@58695725]" started-at="2022-12-15T14:46:00 IST" name="createClientTest" finished-at="2022-12-15T14:46:11 IST" duration-ms="10866" status="PASS">
          <reporter-output>
          </reporter-output>
        </test-method> <!-- createClientTest -->
        <test-method is-config="true" signature="methodTearDown()[pri:0, instance:com.santam.client.CreateClientTest@58695725]" started-at="2022-12-15T14:46:11 IST" name="methodTearDown" finished-at="2022-12-15T14:46:11 IST" duration-ms="139" status="PASS">
          <reporter-output>
          </reporter-output>
        </test-method> <!-- methodTearDown -->
        <test-method is-config="true" signature="classTearDown()[pri:0, instance:com.santam.client.CreateClientTest@58695725]" started-at="2022-12-15T14:46:11 IST" name="classTearDown" finished-at="2022-12-15T14:46:11 IST" duration-ms="348" status="PASS">
          <reporter-output>
          </reporter-output>
        </test-method> <!-- classTearDown -->
      </class> <!-- com.santam.client.CreateClientTest -->
    </test> <!-- Test -->
  </suite> <!-- Suite -->
</testng-results>
